0 info it worked if it ends with ok
1 verbose cli [ 'D:\\Nodejs\\node.exe',
1 verbose cli   'D:\\Nodejs\\node_modules\\npm\\bin\\npm-cli.js',
1 verbose cli   'install',
1 verbose cli   'body-parser',
1 verbose cli   '--save' ]
2 info using npm@2.14.12
3 info using node@v4.3.1
4 verbose install initial load of D:\慕课网练习\NodeJS\package.json
5 verbose installManyTop reading scoped package data from D:\慕课网练习\NodeJS\node_modules\express\package.json
6 verbose readDependencies loading dependencies from D:\慕课网练习\NodeJS\package.json
7 silly cache add args [ 'body-parser', null ]
8 verbose cache add spec body-parser
9 silly cache add parsed spec Result {
9 silly cache add   raw: 'body-parser',
9 silly cache add   scope: null,
9 silly cache add   name: 'body-parser',
9 silly cache add   rawSpec: '',
9 silly cache add   spec: 'latest',
9 silly cache add   type: 'tag' }
10 silly addNamed body-parser@latest
11 verbose addNamed "latest" is being treated as a dist-tag for body-parser
12 info addNameTag [ 'body-parser', 'latest' ]
13 silly mapToRegistry name body-parser
14 silly mapToRegistry using default registry
15 silly mapToRegistry registry https://registry.npmjs.org/
16 silly mapToRegistry uri https://registry.npmjs.org/body-parser
17 verbose addNameTag registry:https://registry.npmjs.org/body-parser not in flight; fetching
18 verbose request uri https://registry.npmjs.org/body-parser
19 verbose request no auth needed
20 info attempt registry request try #1 at 17:23:24
21 verbose request id 698b5927ad15b005
22 http request GET https://registry.npmjs.org/body-parser
23 info retry will retry, error on last attempt: Error: getaddrinfo EAI_AGAIN registry.npmjs.org:443
24 info attempt registry request try #2 at 17:23:34
25 http request GET https://registry.npmjs.org/body-parser
26 info retry will retry, error on last attempt: Error: getaddrinfo EAI_AGAIN registry.npmjs.org:443
27 info attempt registry request try #3 at 17:24:34
28 http request GET https://registry.npmjs.org/body-parser
29 http 200 https://registry.npmjs.org/body-parser
30 verbose headers { server: 'CouchDB/1.5.0 (Erlang OTP/R16B03)',
30 verbose headers   etag: '"2FQNOJBO39YTS064H6ATCKLCK"',
30 verbose headers   'content-type': 'application/json',
30 verbose headers   'cache-control': 'max-age=300',
30 verbose headers   'content-length': '115650',
30 verbose headers   'accept-ranges': 'bytes',
30 verbose headers   date: 'Tue, 15 Mar 2016 09:24:37 GMT',
30 verbose headers   via: '1.1 varnish',
30 verbose headers   age: '162',
30 verbose headers   connection: 'keep-alive',
30 verbose headers   'x-served-by': 'cache-ams4129-AMS',
30 verbose headers   'x-cache': 'HIT',
30 verbose headers   'x-cache-hits': '7',
30 verbose headers   'x-timer': 'S1458033877.362900,VS0,VE0',
30 verbose headers   vary: 'Accept' }
31 silly get cb [ 200,
31 silly get   { server: 'CouchDB/1.5.0 (Erlang OTP/R16B03)',
31 silly get     etag: '"2FQNOJBO39YTS064H6ATCKLCK"',
31 silly get     'content-type': 'application/json',
31 silly get     'cache-control': 'max-age=300',
31 silly get     'content-length': '115650',
31 silly get     'accept-ranges': 'bytes',
31 silly get     date: 'Tue, 15 Mar 2016 09:24:37 GMT',
31 silly get     via: '1.1 varnish',
31 silly get     age: '162',
31 silly get     connection: 'keep-alive',
31 silly get     'x-served-by': 'cache-ams4129-AMS',
31 silly get     'x-cache': 'HIT',
31 silly get     'x-cache-hits': '7',
31 silly get     'x-timer': 'S1458033877.362900,VS0,VE0',
31 silly get     vary: 'Accept' } ]
32 verbose get saving body-parser to C:\Users\lijinke\AppData\Roaming\npm-cache\registry.npmjs.org\body-parser\.cache.json
33 silly addNameTag next cb for body-parser with tag latest
34 silly addNamed body-parser@1.15.0
35 verbose addNamed "1.15.0" is a plain semver version for body-parser
36 silly mapToRegistry name body-parser
37 silly mapToRegistry using default registry
38 silly mapToRegistry registry https://registry.npmjs.org/
39 silly mapToRegistry uri https://registry.npmjs.org/body-parser
40 verbose addRemoteTarball https://registry.npmjs.org/body-parser/-/body-parser-1.15.0.tgz not in flight; adding
41 verbose addRemoteTarball [ 'https://registry.npmjs.org/body-parser/-/body-parser-1.15.0.tgz',
41 verbose addRemoteTarball   '8168abaeaf9e77e300f7b3aef4df4b46e9b21b35' ]
42 info retry fetch attempt 1 at 17:24:37
43 info attempt registry request try #1 at 17:24:37
44 http fetch GET https://registry.npmjs.org/body-parser/-/body-parser-1.15.0.tgz
45 http fetch 200 https://registry.npmjs.org/body-parser/-/body-parser-1.15.0.tgz
46 silly fetchAndShaCheck shasum 8168abaeaf9e77e300f7b3aef4df4b46e9b21b35
47 verbose addTmpTarball C:\Users\lijinke\AppData\Local\Temp\npm-11040-f1805a21\registry.npmjs.org\body-parser\-\body-parser-1.15.0.tgz not in flight; adding
48 verbose addTmpTarball already have metadata; skipping unpack for body-parser@1.15.0
49 silly cache afterAdd body-parser@1.15.0
50 verbose afterAdd C:\Users\lijinke\AppData\Roaming\npm-cache\body-parser\1.15.0\package\package.json not in flight; writing
51 verbose afterAdd C:\Users\lijinke\AppData\Roaming\npm-cache\body-parser\1.15.0\package\package.json written
52 silly install resolved [ { name: 'body-parser',
52 silly install resolved     description: 'Node.js body parsing middleware',
52 silly install resolved     version: '1.15.0',
52 silly install resolved     contributors: [ [Object], [Object] ],
52 silly install resolved     license: 'MIT',
52 silly install resolved     repository: { type: 'git', url: 'https://github.com/expressjs/body-parser' },
52 silly install resolved     dependencies:
52 silly install resolved      { bytes: '2.2.0',
52 silly install resolved        'content-type': '~1.0.1',
52 silly install resolved        debug: '~2.2.0',
52 silly install resolved        depd: '~1.1.0',
52 silly install resolved        'http-errors': '~1.4.0',
52 silly install resolved        'iconv-lite': '0.4.13',
52 silly install resolved        'on-finished': '~2.3.0',
52 silly install resolved        qs: '6.1.0',
52 silly install resolved        'raw-body': '~2.1.5',
52 silly install resolved        'type-is': '~1.6.11' },
52 silly install resolved     devDependencies:
52 silly install resolved      { istanbul: '0.4.2',
52 silly install resolved        methods: '1.1.2',
52 silly install resolved        mocha: '2.4.5',
52 silly install resolved        supertest: '1.1.0' },
52 silly install resolved     files: [ 'lib/', 'LICENSE', 'HISTORY.md', 'index.js' ],
52 silly install resolved     engines: { node: '>= 0.8' },
52 silly install resolved     scripts:
52 silly install resolved      { test: 'mocha --require test/support/env --reporter spec --check-leaks --bail test/',
52 silly install resolved        'test-cov': 'istanbul cover node_modules/mocha/bin/_mocha -- --require test/support/env --reporter dot --check-leaks test/',
52 silly install resolved        'test-travis': 'istanbul cover node_modules/mocha/bin/_mocha --report lcovonly -- --require test/support/env --reporter spec --check-leaks test/' },
52 silly install resolved     gitHead: '5b4fabe344e5b3df9e9157c7e9b9e6f5706b1cec',
52 silly install resolved     bugs: { url: 'https://github.com/expressjs/body-parser/issues' },
52 silly install resolved     homepage: 'https://github.com/expressjs/body-parser',
52 silly install resolved     _id: 'body-parser@1.15.0',
52 silly install resolved     _shasum: '8168abaeaf9e77e300f7b3aef4df4b46e9b21b35',
52 silly install resolved     _from: 'body-parser@latest',
52 silly install resolved     _npmVersion: '1.4.28',
52 silly install resolved     _npmUser: { name: 'dougwilson', email: 'doug@somethingdoug.com' },
52 silly install resolved     maintainers: [ [Object] ],
52 silly install resolved     dist:
52 silly install resolved      { shasum: '8168abaeaf9e77e300f7b3aef4df4b46e9b21b35',
52 silly install resolved        tarball: 'http://registry.npmjs.org/body-parser/-/body-parser-1.15.0.tgz' },
52 silly install resolved     _npmOperationalInternal:
52 silly install resolved      { host: 'packages-9-west.internal.npmjs.com',
52 silly install resolved        tmp: 'tmp/body-parser-1.15.0.tgz_1455156407766_0.14806043729186058' },
52 silly install resolved     directories: {},
52 silly install resolved     _resolved: 'https://registry.npmjs.org/body-parser/-/body-parser-1.15.0.tgz' } ]
53 info install body-parser@1.15.0 into D:\慕课网练习\NodeJS
54 info installOne body-parser@1.15.0
55 verbose installOne of body-parser to D:\慕课网练习\NodeJS not in flight; installing
56 verbose lock using C:\Users\lijinke\AppData\Roaming\npm-cache\_locks\body-parser-f9272a478fd5696b.lock for D:\慕课网练习\NodeJS\node_modules\body-parser
57 silly install write writing body-parser 1.15.0 to D:\慕课网练习\NodeJS\node_modules\body-parser
58 verbose unbuild node_modules\body-parser
59 silly gentlyRm D:\慕课网练习\NodeJS\node_modules\body-parser is being purged from base D:\慕课网练习\NodeJS
60 verbose gentlyRm don't care about contents; nuking D:\慕课网练习\NodeJS\node_modules\body-parser
61 verbose tar unpack C:\Users\lijinke\AppData\Roaming\npm-cache\body-parser\1.15.0\package.tgz
62 verbose tar unpacking to D:\慕课网练习\NodeJS\node_modules\body-parser
63 silly gentlyRm D:\慕课网练习\NodeJS\node_modules\body-parser is being purged
64 verbose gentlyRm don't care about contents; nuking D:\慕课网练习\NodeJS\node_modules\body-parser
65 silly gunzTarPerm modes [ '777', '666' ]
66 silly gunzTarPerm extractEntry package.json
67 silly gunzTarPerm extractEntry README.md
68 silly gunzTarPerm extractEntry LICENSE
69 silly gunzTarPerm extractEntry index.js
70 silly gunzTarPerm extractEntry HISTORY.md
71 silly gunzTarPerm extractEntry lib/read.js
72 silly gunzTarPerm extractEntry lib/types/json.js
73 silly gunzTarPerm extractEntry lib/types/raw.js
74 silly gunzTarPerm extractEntry lib/types/text.js
75 silly gunzTarPerm extractEntry lib/types/urlencoded.js
76 verbose write writing to D:\慕课网练习\NodeJS\node_modules\body-parser\package.json
77 info preinstall body-parser@1.15.0
78 verbose readDependencies loading dependencies from D:\慕课网练习\NodeJS\node_modules\body-parser\package.json
79 silly prepareForInstallMany adding bytes@2.2.0 from body-parser dependencies
80 silly prepareForInstallMany adding content-type@~1.0.1 from body-parser dependencies
81 silly prepareForInstallMany adding debug@~2.2.0 from body-parser dependencies
82 silly prepareForInstallMany adding depd@~1.1.0 from body-parser dependencies
83 silly prepareForInstallMany adding http-errors@~1.4.0 from body-parser dependencies
84 silly prepareForInstallMany adding iconv-lite@0.4.13 from body-parser dependencies
85 silly prepareForInstallMany adding on-finished@~2.3.0 from body-parser dependencies
86 silly prepareForInstallMany adding qs@6.1.0 from body-parser dependencies
87 silly prepareForInstallMany adding raw-body@~2.1.5 from body-parser dependencies
88 silly prepareForInstallMany adding type-is@~1.6.11 from body-parser dependencies
89 verbose readDependencies loading dependencies from D:\慕课网练习\NodeJS\node_modules\body-parser\package.json
90 silly cache add args [ 'bytes@2.2.0', null ]
91 verbose cache add spec bytes@2.2.0
92 silly cache add args [ 'content-type@~1.0.1', null ]
93 verbose cache add spec content-type@~1.0.1
94 silly cache add parsed spec Result {
94 silly cache add   raw: 'bytes@2.2.0',
94 silly cache add   scope: null,
94 silly cache add   name: 'bytes',
94 silly cache add   rawSpec: '2.2.0',
94 silly cache add   spec: '2.2.0',
94 silly cache add   type: 'version' }
95 silly addNamed bytes@2.2.0
96 verbose addNamed "2.2.0" is a plain semver version for bytes
97 silly mapToRegistry name bytes
98 silly mapToRegistry using default registry
99 silly mapToRegistry registry https://registry.npmjs.org/
100 silly mapToRegistry uri https://registry.npmjs.org/bytes
101 verbose addNameVersion registry:https://registry.npmjs.org/bytes not in flight; fetching
102 silly cache add parsed spec Result {
102 silly cache add   raw: 'content-type@~1.0.1',
102 silly cache add   scope: null,
102 silly cache add   name: 'content-type',
102 silly cache add   rawSpec: '~1.0.1',
102 silly cache add   spec: '>=1.0.1 <1.1.0',
102 silly cache add   type: 'range' }
103 silly addNamed content-type@>=1.0.1 <1.1.0
104 verbose addNamed ">=1.0.1 <1.1.0" is a valid semver range for content-type
105 silly addNameRange { name: 'content-type', range: '>=1.0.1 <1.1.0', hasData: false }
106 silly mapToRegistry name content-type
107 silly mapToRegistry using default registry
108 silly mapToRegistry registry https://registry.npmjs.org/
109 silly mapToRegistry uri https://registry.npmjs.org/content-type
110 verbose addNameRange registry:https://registry.npmjs.org/content-type not in flight; fetching
111 silly cache add args [ 'debug@~2.2.0', null ]
112 verbose cache add spec debug@~2.2.0
113 silly cache add parsed spec Result {
113 silly cache add   raw: 'debug@~2.2.0',
113 silly cache add   scope: null,
113 silly cache add   name: 'debug',
113 silly cache add   rawSpec: '~2.2.0',
113 silly cache add   spec: '>=2.2.0 <2.3.0',
113 silly cache add   type: 'range' }
114 silly addNamed debug@>=2.2.0 <2.3.0
115 verbose addNamed ">=2.2.0 <2.3.0" is a valid semver range for debug
116 silly addNameRange { name: 'debug', range: '>=2.2.0 <2.3.0', hasData: false }
117 silly mapToRegistry name debug
118 silly mapToRegistry using default registry
119 silly mapToRegistry registry https://registry.npmjs.org/
120 silly mapToRegistry uri https://registry.npmjs.org/debug
121 verbose addNameRange registry:https://registry.npmjs.org/debug not in flight; fetching
122 silly cache add args [ 'depd@~1.1.0', null ]
123 verbose cache add spec depd@~1.1.0
124 silly cache add parsed spec Result {
124 silly cache add   raw: 'depd@~1.1.0',
124 silly cache add   scope: null,
124 silly cache add   name: 'depd',
124 silly cache add   rawSpec: '~1.1.0',
124 silly cache add   spec: '>=1.1.0 <1.2.0',
124 silly cache add   type: 'range' }
125 silly addNamed depd@>=1.1.0 <1.2.0
126 verbose addNamed ">=1.1.0 <1.2.0" is a valid semver range for depd
127 silly addNameRange { name: 'depd', range: '>=1.1.0 <1.2.0', hasData: false }
128 silly mapToRegistry name depd
129 silly mapToRegistry using default registry
130 silly mapToRegistry registry https://registry.npmjs.org/
131 silly mapToRegistry uri https://registry.npmjs.org/depd
132 verbose addNameRange registry:https://registry.npmjs.org/depd not in flight; fetching
133 silly cache add args [ 'http-errors@~1.4.0', null ]
134 verbose cache add spec http-errors@~1.4.0
135 silly cache add parsed spec Result {
135 silly cache add   raw: 'http-errors@~1.4.0',
135 silly cache add   scope: null,
135 silly cache add   name: 'http-errors',
135 silly cache add   rawSpec: '~1.4.0',
135 silly cache add   spec: '>=1.4.0 <1.5.0',
135 silly cache add   type: 'range' }
136 silly addNamed http-errors@>=1.4.0 <1.5.0
137 verbose addNamed ">=1.4.0 <1.5.0" is a valid semver range for http-errors
138 silly addNameRange { name: 'http-errors', range: '>=1.4.0 <1.5.0', hasData: false }
139 silly mapToRegistry name http-errors
140 silly mapToRegistry using default registry
141 silly mapToRegistry registry https://registry.npmjs.org/
142 silly mapToRegistry uri https://registry.npmjs.org/http-errors
143 verbose addNameRange registry:https://registry.npmjs.org/http-errors not in flight; fetching
144 silly cache add args [ 'iconv-lite@0.4.13', null ]
145 verbose cache add spec iconv-lite@0.4.13
146 silly cache add parsed spec Result {
146 silly cache add   raw: 'iconv-lite@0.4.13',
146 silly cache add   scope: null,
146 silly cache add   name: 'iconv-lite',
146 silly cache add   rawSpec: '0.4.13',
146 silly cache add   spec: '0.4.13',
146 silly cache add   type: 'version' }
147 silly addNamed iconv-lite@0.4.13
148 verbose addNamed "0.4.13" is a plain semver version for iconv-lite
149 silly mapToRegistry name iconv-lite
150 silly mapToRegistry using default registry
151 silly mapToRegistry registry https://registry.npmjs.org/
152 silly mapToRegistry uri https://registry.npmjs.org/iconv-lite
153 verbose addNameVersion registry:https://registry.npmjs.org/iconv-lite not in flight; fetching
154 silly cache add args [ 'on-finished@~2.3.0', null ]
155 verbose cache add spec on-finished@~2.3.0
156 silly cache add parsed spec Result {
156 silly cache add   raw: 'on-finished@~2.3.0',
156 silly cache add   scope: null,
156 silly cache add   name: 'on-finished',
156 silly cache add   rawSpec: '~2.3.0',
156 silly cache add   spec: '>=2.3.0 <2.4.0',
156 silly cache add   type: 'range' }
157 silly addNamed on-finished@>=2.3.0 <2.4.0
158 verbose addNamed ">=2.3.0 <2.4.0" is a valid semver range for on-finished
159 silly addNameRange { name: 'on-finished', range: '>=2.3.0 <2.4.0', hasData: false }
160 silly mapToRegistry name on-finished
161 silly mapToRegistry using default registry
162 silly mapToRegistry registry https://registry.npmjs.org/
163 silly mapToRegistry uri https://registry.npmjs.org/on-finished
164 verbose addNameRange registry:https://registry.npmjs.org/on-finished not in flight; fetching
165 silly cache add args [ 'qs@6.1.0', null ]
166 verbose cache add spec qs@6.1.0
167 silly cache add parsed spec Result {
167 silly cache add   raw: 'qs@6.1.0',
167 silly cache add   scope: null,
167 silly cache add   name: 'qs',
167 silly cache add   rawSpec: '6.1.0',
167 silly cache add   spec: '6.1.0',
167 silly cache add   type: 'version' }
168 silly addNamed qs@6.1.0
169 verbose addNamed "6.1.0" is a plain semver version for qs
170 silly mapToRegistry name qs
171 silly mapToRegistry using default registry
172 silly mapToRegistry registry https://registry.npmjs.org/
173 silly mapToRegistry uri https://registry.npmjs.org/qs
174 verbose addNameVersion registry:https://registry.npmjs.org/qs not in flight; fetching
175 silly cache add args [ 'raw-body@~2.1.5', null ]
176 verbose cache add spec raw-body@~2.1.5
177 silly cache add parsed spec Result {
177 silly cache add   raw: 'raw-body@~2.1.5',
177 silly cache add   scope: null,
177 silly cache add   name: 'raw-body',
177 silly cache add   rawSpec: '~2.1.5',
177 silly cache add   spec: '>=2.1.5 <2.2.0',
177 silly cache add   type: 'range' }
178 silly addNamed raw-body@>=2.1.5 <2.2.0
179 verbose addNamed ">=2.1.5 <2.2.0" is a valid semver range for raw-body
180 silly addNameRange { name: 'raw-body', range: '>=2.1.5 <2.2.0', hasData: false }
181 silly mapToRegistry name raw-body
182 silly mapToRegistry using default registry
183 silly mapToRegistry registry https://registry.npmjs.org/
184 silly mapToRegistry uri https://registry.npmjs.org/raw-body
185 verbose addNameRange registry:https://registry.npmjs.org/raw-body not in flight; fetching
186 silly cache add args [ 'type-is@~1.6.11', null ]
187 verbose cache add spec type-is@~1.6.11
188 silly cache add parsed spec Result {
188 silly cache add   raw: 'type-is@~1.6.11',
188 silly cache add   scope: null,
188 silly cache add   name: 'type-is',
188 silly cache add   rawSpec: '~1.6.11',
188 silly cache add   spec: '>=1.6.11 <1.7.0',
188 silly cache add   type: 'range' }
189 silly addNamed type-is@>=1.6.11 <1.7.0
190 verbose addNamed ">=1.6.11 <1.7.0" is a valid semver range for type-is
191 silly addNameRange { name: 'type-is', range: '>=1.6.11 <1.7.0', hasData: false }
192 silly mapToRegistry name type-is
193 silly mapToRegistry using default registry
194 silly mapToRegistry registry https://registry.npmjs.org/
195 silly mapToRegistry uri https://registry.npmjs.org/type-is
196 verbose addNameRange registry:https://registry.npmjs.org/type-is not in flight; fetching
197 verbose request uri https://registry.npmjs.org/bytes
198 verbose request no auth needed
199 info attempt registry request try #1 at 17:24:39
200 http request GET https://registry.npmjs.org/bytes
201 verbose request uri https://registry.npmjs.org/iconv-lite
202 verbose request no auth needed
203 info attempt registry request try #1 at 17:24:39
204 http request GET https://registry.npmjs.org/iconv-lite
205 verbose request uri https://registry.npmjs.org/raw-body
206 verbose request no auth needed
207 info attempt registry request try #1 at 17:24:39
208 http request GET https://registry.npmjs.org/raw-body
209 verbose request uri https://registry.npmjs.org/content-type
210 verbose request no auth needed
211 info attempt registry request try #1 at 17:24:39
212 verbose etag "47J6RKVXRY0MARWDI3N08QX6R"
213 http request GET https://registry.npmjs.org/content-type
214 verbose request uri https://registry.npmjs.org/debug
215 verbose request no auth needed
216 info attempt registry request try #1 at 17:24:39
217 verbose etag "8QABHA5KQ9XIIZSG6QOY4NL2Q"
218 http request GET https://registry.npmjs.org/debug
219 verbose request uri https://registry.npmjs.org/depd
220 verbose request no auth needed
221 info attempt registry request try #1 at 17:24:39
222 verbose etag "1G8M1E4RX4155ZLVGT40F8LXW"
223 http request GET https://registry.npmjs.org/depd
224 verbose request uri https://registry.npmjs.org/http-errors
225 verbose request no auth needed
226 info attempt registry request try #1 at 17:24:39
227 verbose etag "3801FZ63OYKH0MH30I8D9C66V"
228 http request GET https://registry.npmjs.org/http-errors
229 verbose request uri https://registry.npmjs.org/on-finished
230 verbose request no auth needed
231 info attempt registry request try #1 at 17:24:39
232 verbose etag "5HI975RQQ4ZMWO79KX96Q7Y6V"
233 http request GET https://registry.npmjs.org/on-finished
234 verbose request uri https://registry.npmjs.org/qs
235 verbose request no auth needed
236 info attempt registry request try #1 at 17:24:39
237 verbose etag "O0I7RQGFKLBPZX1OQDQMO4TO"
238 http request GET https://registry.npmjs.org/qs
239 verbose request uri https://registry.npmjs.org/type-is
240 verbose request no auth needed
241 info attempt registry request try #1 at 17:24:39
242 verbose etag "6U07TRN3A2GJ58C2D98LAIZCJ"
243 http request GET https://registry.npmjs.org/type-is
244 info retry will retry, error on last attempt: Error: getaddrinfo EAI_AGAIN registry.npmjs.org:443
245 info retry will retry, error on last attempt: Error: getaddrinfo EAI_AGAIN registry.npmjs.org:443
246 info retry will retry, error on last attempt: Error: getaddrinfo EAI_AGAIN registry.npmjs.org:443
247 info retry will retry, error on last attempt: Error: getaddrinfo EAI_AGAIN registry.npmjs.org:443
248 info retry will retry, error on last attempt: Error: getaddrinfo EAI_AGAIN registry.npmjs.org:443
249 info retry will retry, error on last attempt: Error: getaddrinfo EAI_AGAIN registry.npmjs.org:443
250 info retry will retry, error on last attempt: Error: getaddrinfo EAI_AGAIN registry.npmjs.org:443
251 info retry will retry, error on last attempt: Error: getaddrinfo EAI_AGAIN registry.npmjs.org:443
252 info retry will retry, error on last attempt: Error: getaddrinfo EAI_AGAIN registry.npmjs.org:443
253 info retry will retry, error on last attempt: Error: getaddrinfo EAI_AGAIN registry.npmjs.org:443
254 info attempt registry request try #2 at 17:24:49
255 http request GET https://registry.npmjs.org/bytes
256 info attempt registry request try #2 at 17:24:49
257 http request GET https://registry.npmjs.org/iconv-lite
258 info attempt registry request try #2 at 17:24:49
259 http request GET https://registry.npmjs.org/raw-body
260 info attempt registry request try #2 at 17:24:49
261 verbose etag "47J6RKVXRY0MARWDI3N08QX6R"
262 http request GET https://registry.npmjs.org/content-type
263 info attempt registry request try #2 at 17:24:49
264 verbose etag "8QABHA5KQ9XIIZSG6QOY4NL2Q"
265 http request GET https://registry.npmjs.org/debug
266 info attempt registry request try #2 at 17:24:49
267 verbose etag "1G8M1E4RX4155ZLVGT40F8LXW"
268 http request GET https://registry.npmjs.org/depd
269 info attempt registry request try #2 at 17:24:49
270 verbose etag "3801FZ63OYKH0MH30I8D9C66V"
271 http request GET https://registry.npmjs.org/http-errors
272 info attempt registry request try #2 at 17:24:49
273 verbose etag "5HI975RQQ4ZMWO79KX96Q7Y6V"
274 http request GET https://registry.npmjs.org/on-finished
275 info attempt registry request try #2 at 17:24:49
276 verbose etag "6U07TRN3A2GJ58C2D98LAIZCJ"
277 http request GET https://registry.npmjs.org/type-is
278 info attempt registry request try #2 at 17:24:49
279 verbose etag "O0I7RQGFKLBPZX1OQDQMO4TO"
280 http request GET https://registry.npmjs.org/qs
281 info retry will retry, error on last attempt: Error: getaddrinfo EAI_AGAIN registry.npmjs.org:443
282 info retry will retry, error on last attempt: Error: getaddrinfo EAI_AGAIN registry.npmjs.org:443
283 info retry will retry, error on last attempt: Error: getaddrinfo EAI_AGAIN registry.npmjs.org:443
284 info retry will retry, error on last attempt: Error: getaddrinfo EAI_AGAIN registry.npmjs.org:443
285 info retry will retry, error on last attempt: Error: getaddrinfo EAI_AGAIN registry.npmjs.org:443
286 info retry will retry, error on last attempt: Error: getaddrinfo EAI_AGAIN registry.npmjs.org:443
287 info retry will retry, error on last attempt: Error: getaddrinfo EAI_AGAIN registry.npmjs.org:443
288 info retry will retry, error on last attempt: Error: getaddrinfo EAI_AGAIN registry.npmjs.org:443
289 info retry will retry, error on last attempt: Error: getaddrinfo EAI_AGAIN registry.npmjs.org:443
290 info retry will retry, error on last attempt: Error: getaddrinfo EAI_AGAIN registry.npmjs.org:443
291 info attempt registry request try #3 at 17:25:53
292 http request GET https://registry.npmjs.org/bytes
293 info attempt registry request try #3 at 17:25:53
294 http request GET https://registry.npmjs.org/raw-body
295 info attempt registry request try #3 at 17:25:53
296 http request GET https://registry.npmjs.org/iconv-lite
297 info attempt registry request try #3 at 17:25:53
298 verbose etag "47J6RKVXRY0MARWDI3N08QX6R"
299 http request GET https://registry.npmjs.org/content-type
300 info attempt registry request try #3 at 17:25:53
301 verbose etag "8QABHA5KQ9XIIZSG6QOY4NL2Q"
302 http request GET https://registry.npmjs.org/debug
303 info attempt registry request try #3 at 17:25:53
304 verbose etag "3801FZ63OYKH0MH30I8D9C66V"
305 http request GET https://registry.npmjs.org/http-errors
306 info attempt registry request try #3 at 17:25:53
307 verbose etag "1G8M1E4RX4155ZLVGT40F8LXW"
308 http request GET https://registry.npmjs.org/depd
309 info attempt registry request try #3 at 17:25:53
310 verbose etag "5HI975RQQ4ZMWO79KX96Q7Y6V"
311 http request GET https://registry.npmjs.org/on-finished
312 silly get cb [ 304, undefined ]
313 verbose etag https://registry.npmjs.org/content-type from cache
314 verbose get saving content-type to C:\Users\lijinke\AppData\Roaming\npm-cache\registry.npmjs.org\content-type\.cache.json
315 silly get cb [ 304, undefined ]
316 verbose etag https://registry.npmjs.org/on-finished from cache
317 verbose get saving on-finished to C:\Users\lijinke\AppData\Roaming\npm-cache\registry.npmjs.org\on-finished\.cache.json
318 silly get cb [ 304, undefined ]
319 verbose etag https://registry.npmjs.org/debug from cache
320 verbose get saving debug to C:\Users\lijinke\AppData\Roaming\npm-cache\registry.npmjs.org\debug\.cache.json
321 silly get cb [ 304, undefined ]
322 verbose etag https://registry.npmjs.org/http-errors from cache
323 verbose get saving http-errors to C:\Users\lijinke\AppData\Roaming\npm-cache\registry.npmjs.org\http-errors\.cache.json
324 silly get cb [ 304, undefined ]
325 verbose etag https://registry.npmjs.org/depd from cache
326 verbose get saving depd to C:\Users\lijinke\AppData\Roaming\npm-cache\registry.npmjs.org\depd\.cache.json
327 silly addNameRange number 2 { name: 'on-finished', range: '>=2.3.0 <2.4.0', hasData: true }
328 silly addNameRange versions [ 'on-finished',
328 silly addNameRange   [ '2.0.0', '2.1.0', '2.1.1', '2.2.0', '2.2.1', '2.3.0' ] ]
329 silly addNamed on-finished@2.3.0
330 verbose addNamed "2.3.0" is a plain semver version for on-finished
331 silly addNameRange number 2 { name: 'http-errors', range: '>=1.4.0 <1.5.0', hasData: true }
332 silly addNameRange versions [ 'http-errors',
332 silly addNameRange   [ '0.0.1',
332 silly addNameRange     '1.0.0',
332 silly addNameRange     '1.0.1',
332 silly addNameRange     '1.1.0',
332 silly addNameRange     '1.2.0',
332 silly addNameRange     '1.2.1',
332 silly addNameRange     '1.2.2',
332 silly addNameRange     '1.2.3',
332 silly addNameRange     '1.2.4',
332 silly addNameRange     '1.2.5',
332 silly addNameRange     '1.2.6',
332 silly addNameRange     '1.2.7',
332 silly addNameRange     '1.2.8',
332 silly addNameRange     '1.3.0',
332 silly addNameRange     '1.3.1',
332 silly addNameRange     '1.4.0' ] ]
333 silly addNamed http-errors@1.4.0
334 verbose addNamed "1.4.0" is a plain semver version for http-errors
335 silly mapToRegistry name http-errors
336 silly mapToRegistry using default registry
337 silly mapToRegistry registry https://registry.npmjs.org/
338 silly mapToRegistry uri https://registry.npmjs.org/http-errors
339 verbose addRemoteTarball https://registry.npmjs.org/http-errors/-/http-errors-1.4.0.tgz not in flight; adding
340 verbose addRemoteTarball [ 'https://registry.npmjs.org/http-errors/-/http-errors-1.4.0.tgz',
340 verbose addRemoteTarball   '6c0242dea6b3df7afda153c71089b31c6e82aabf' ]
341 silly addNameRange number 2 { name: 'debug', range: '>=2.2.0 <2.3.0', hasData: true }
342 silly addNameRange versions [ 'debug',
342 silly addNameRange   [ '0.0.1',
342 silly addNameRange     '0.1.0',
342 silly addNameRange     '0.2.0',
342 silly addNameRange     '0.3.0',
342 silly addNameRange     '0.4.0',
342 silly addNameRange     '0.4.1',
342 silly addNameRange     '0.5.0',
342 silly addNameRange     '0.6.0',
342 silly addNameRange     '0.7.0',
342 silly addNameRange     '0.7.1',
342 silly addNameRange     '0.7.2',
342 silly addNameRange     '0.7.3',
342 silly addNameRange     '0.7.4',
342 silly addNameRange     '0.8.0',
342 silly addNameRange     '0.8.1',
342 silly addNameRange     '1.0.0',
342 silly addNameRange     '1.0.1',
342 silly addNameRange     '1.0.2',
342 silly addNameRange     '1.0.3',
342 silly addNameRange     '1.0.4',
342 silly addNameRange     '2.0.0',
342 silly addNameRange     '2.1.0',
342 silly addNameRange     '2.1.1',
342 silly addNameRange     '2.1.2',
342 silly addNameRange     '2.1.3',
342 silly addNameRange     '2.2.0' ] ]
343 silly addNamed debug@2.2.0
344 verbose addNamed "2.2.0" is a plain semver version for debug
345 silly addNameRange number 2 { name: 'content-type', range: '>=1.0.1 <1.1.0', hasData: true }
346 silly addNameRange versions [ 'content-type', [ '0.0.1', '1.0.0', '1.0.1' ] ]
347 silly addNamed content-type@1.0.1
348 verbose addNamed "1.0.1" is a plain semver version for content-type
349 silly addNameRange number 2 { name: 'depd', range: '>=1.1.0 <1.2.0', hasData: true }
350 silly addNameRange versions [ 'depd',
350 silly addNameRange   [ '0.0.0',
350 silly addNameRange     '0.0.1',
350 silly addNameRange     '0.1.0',
350 silly addNameRange     '0.2.0',
350 silly addNameRange     '0.3.0',
350 silly addNameRange     '0.4.0',
350 silly addNameRange     '0.4.1',
350 silly addNameRange     '0.4.2',
350 silly addNameRange     '0.4.3',
350 silly addNameRange     '0.4.4',
350 silly addNameRange     '0.4.5',
350 silly addNameRange     '1.0.0',
350 silly addNameRange     '1.0.1',
350 silly addNameRange     '1.1.0' ] ]
351 silly addNamed depd@1.1.0
352 verbose addNamed "1.1.0" is a plain semver version for depd
353 silly cache afterAdd on-finished@2.3.0
354 verbose afterAdd C:\Users\lijinke\AppData\Roaming\npm-cache\on-finished\2.3.0\package\package.json not in flight; writing
355 info retry fetch attempt 1 at 17:25:53
356 info attempt registry request try #1 at 17:25:53
357 http fetch GET https://registry.npmjs.org/http-errors/-/http-errors-1.4.0.tgz
358 silly cache afterAdd content-type@1.0.1
359 verbose afterAdd C:\Users\lijinke\AppData\Roaming\npm-cache\content-type\1.0.1\package\package.json not in flight; writing
360 silly cache afterAdd debug@2.2.0
361 verbose afterAdd C:\Users\lijinke\AppData\Roaming\npm-cache\debug\2.2.0\package\package.json not in flight; writing
362 silly cache afterAdd depd@1.1.0
363 verbose afterAdd C:\Users\lijinke\AppData\Roaming\npm-cache\depd\1.1.0\package\package.json not in flight; writing
364 verbose afterAdd C:\Users\lijinke\AppData\Roaming\npm-cache\on-finished\2.3.0\package\package.json written
365 verbose afterAdd C:\Users\lijinke\AppData\Roaming\npm-cache\debug\2.2.0\package\package.json written
366 verbose afterAdd C:\Users\lijinke\AppData\Roaming\npm-cache\content-type\1.0.1\package\package.json written
367 verbose afterAdd C:\Users\lijinke\AppData\Roaming\npm-cache\depd\1.1.0\package\package.json written
368 info attempt registry request try #3 at 17:25:54
369 verbose etag "6U07TRN3A2GJ58C2D98LAIZCJ"
370 http request GET https://registry.npmjs.org/type-is
371 info attempt registry request try #3 at 17:25:54
372 verbose etag "O0I7RQGFKLBPZX1OQDQMO4TO"
373 http request GET https://registry.npmjs.org/qs
374 info retry will retry, error on last attempt: Error: getaddrinfo EAI_AGAIN registry.npmjs.org:443
375 silly get cb [ 304, undefined ]
376 verbose etag https://registry.npmjs.org/type-is from cache
377 verbose get saving type-is to C:\Users\lijinke\AppData\Roaming\npm-cache\registry.npmjs.org\type-is\.cache.json
378 silly get cb [ 304, undefined ]
379 verbose etag https://registry.npmjs.org/qs from cache
380 verbose get saving qs to C:\Users\lijinke\AppData\Roaming\npm-cache\registry.npmjs.org\qs\.cache.json
381 silly addNameRange number 2 { name: 'type-is', range: '>=1.6.11 <1.7.0', hasData: true }
382 silly addNameRange versions [ 'type-is',
382 silly addNameRange   [ '1.0.0',
382 silly addNameRange     '1.0.1',
382 silly addNameRange     '1.1.0',
382 silly addNameRange     '1.2.0',
382 silly addNameRange     '1.2.1',
382 silly addNameRange     '1.2.2',
382 silly addNameRange     '1.3.0',
382 silly addNameRange     '1.3.1',
382 silly addNameRange     '1.3.2',
382 silly addNameRange     '1.4.0',
382 silly addNameRange     '1.5.0',
382 silly addNameRange     '1.5.1',
382 silly addNameRange     '1.5.2',
382 silly addNameRange     '1.5.3',
382 silly addNameRange     '1.5.4',
382 silly addNameRange     '1.5.5',
382 silly addNameRange     '1.5.6',
382 silly addNameRange     '1.5.7',
382 silly addNameRange     '1.6.0',
382 silly addNameRange     '1.6.1',
382 silly addNameRange     '1.6.2',
382 silly addNameRange     '1.6.3',
382 silly addNameRange     '1.6.4',
382 silly addNameRange     '1.6.5',
382 silly addNameRange     '1.6.6',
382 silly addNameRange     '1.6.7',
382 silly addNameRange     '1.6.8',
382 silly addNameRange     '1.6.9',
382 silly addNameRange     '1.6.10',
382 silly addNameRange     '1.6.11',
382 silly addNameRange     '1.6.12' ] ]
383 silly addNamed type-is@1.6.12
384 verbose addNamed "1.6.12" is a plain semver version for type-is
385 silly mapToRegistry name qs
386 silly mapToRegistry using default registry
387 silly mapToRegistry registry https://registry.npmjs.org/
388 silly mapToRegistry uri https://registry.npmjs.org/qs
389 verbose addRemoteTarball https://registry.npmjs.org/qs/-/qs-6.1.0.tgz not in flight; adding
390 verbose addRemoteTarball [ 'https://registry.npmjs.org/qs/-/qs-6.1.0.tgz',
390 verbose addRemoteTarball   'ec1d1626b24278d99f0fdf4549e524e24eceeb26' ]
391 silly cache afterAdd type-is@1.6.12
392 verbose afterAdd C:\Users\lijinke\AppData\Roaming\npm-cache\type-is\1.6.12\package\package.json not in flight; writing
393 info retry fetch attempt 1 at 17:25:57
394 info attempt registry request try #1 at 17:25:57
395 http fetch GET https://registry.npmjs.org/qs/-/qs-6.1.0.tgz
396 verbose afterAdd C:\Users\lijinke\AppData\Roaming\npm-cache\type-is\1.6.12\package\package.json written
397 info retry will retry, error on last attempt: Error: getaddrinfo EAI_AGAIN registry.npmjs.org:443
398 info attempt registry request try #2 at 17:26:07
399 http fetch GET https://registry.npmjs.org/http-errors/-/http-errors-1.4.0.tgz
400 info retry will retry, error on last attempt: Error: getaddrinfo EAI_AGAIN registry.npmjs.org:443
401 info attempt registry request try #2 at 17:26:08
402 http fetch GET https://registry.npmjs.org/qs/-/qs-6.1.0.tgz
403 info retry will retry, error on last attempt: Error: getaddrinfo EAI_AGAIN registry.npmjs.org:443
404 info attempt registry request try #3 at 17:27:07
405 http fetch GET https://registry.npmjs.org/http-errors/-/http-errors-1.4.0.tgz
406 info attempt registry request try #3 at 17:27:10
407 http fetch GET https://registry.npmjs.org/qs/-/qs-6.1.0.tgz
408 error fetch failed https://registry.npmjs.org/qs/-/qs-6.1.0.tgz
409 warn retry will retry, error on last attempt: Error: getaddrinfo EAI_AGAIN registry.npmjs.org:443
410 error fetch failed https://registry.npmjs.org/http-errors/-/http-errors-1.4.0.tgz
411 warn retry will retry, error on last attempt: Error: getaddrinfo EAI_AGAIN registry.npmjs.org:443
412 info retry fetch attempt 2 at 17:27:21
413 info attempt registry request try #1 at 17:27:21
414 http fetch GET https://registry.npmjs.org/qs/-/qs-6.1.0.tgz
415 info retry fetch attempt 2 at 17:27:21
416 info attempt registry request try #1 at 17:27:21
417 http fetch GET https://registry.npmjs.org/http-errors/-/http-errors-1.4.0.tgz
418 info retry will retry, error on last attempt: Error: getaddrinfo EAI_AGAIN registry.npmjs.org:443
419 info retry will retry, error on last attempt: Error: getaddrinfo EAI_AGAIN registry.npmjs.org:443
420 info attempt registry request try #2 at 17:27:31
421 http fetch GET https://registry.npmjs.org/qs/-/qs-6.1.0.tgz
422 info attempt registry request try #2 at 17:27:31
423 http fetch GET https://registry.npmjs.org/http-errors/-/http-errors-1.4.0.tgz
424 info retry will retry, error on last attempt: Error: getaddrinfo EAI_AGAIN registry.npmjs.org:443
425 info retry will retry, error on last attempt: Error: getaddrinfo EAI_AGAIN registry.npmjs.org:443
426 info attempt registry request try #3 at 17:28:31
427 http fetch GET https://registry.npmjs.org/qs/-/qs-6.1.0.tgz
428 info attempt registry request try #3 at 17:28:31
429 http fetch GET https://registry.npmjs.org/http-errors/-/http-errors-1.4.0.tgz
430 http fetch 200 https://registry.npmjs.org/http-errors/-/http-errors-1.4.0.tgz
431 silly fetchAndShaCheck shasum 6c0242dea6b3df7afda153c71089b31c6e82aabf
432 verbose addTmpTarball C:\Users\lijinke\AppData\Local\Temp\npm-11040-f1805a21\registry.npmjs.org\http-errors\-\http-errors-1.4.0.tgz not in flight; adding
433 verbose addTmpTarball already have metadata; skipping unpack for http-errors@1.4.0
434 silly cache afterAdd http-errors@1.4.0
435 verbose afterAdd C:\Users\lijinke\AppData\Roaming\npm-cache\http-errors\1.4.0\package\package.json not in flight; writing
436 verbose afterAdd C:\Users\lijinke\AppData\Roaming\npm-cache\http-errors\1.4.0\package\package.json written
437 http fetch 200 https://registry.npmjs.org/qs/-/qs-6.1.0.tgz
438 silly fetchAndShaCheck shasum ec1d1626b24278d99f0fdf4549e524e24eceeb26
439 verbose addTmpTarball C:\Users\lijinke\AppData\Local\Temp\npm-11040-f1805a21\registry.npmjs.org\qs\-\qs-6.1.0.tgz not in flight; adding
440 verbose addTmpTarball already have metadata; skipping unpack for qs@6.1.0
441 silly cache afterAdd qs@6.1.0
442 verbose afterAdd C:\Users\lijinke\AppData\Roaming\npm-cache\qs\6.1.0\package\package.json not in flight; writing
443 verbose afterAdd C:\Users\lijinke\AppData\Roaming\npm-cache\qs\6.1.0\package\package.json written
444 verbose about to build D:\慕课网练习\NodeJS\node_modules\body-parser
445 verbose unlock done using C:\Users\lijinke\AppData\Roaming\npm-cache\_locks\body-parser-f9272a478fd5696b.lock for D:\慕课网练习\NodeJS\node_modules\body-parser
446 verbose stack Error: getaddrinfo EAI_AGAIN registry.npmjs.org:443
446 verbose stack     at Object.exports._errnoException (util.js:870:11)
446 verbose stack     at errnoException (dns.js:31:15)
446 verbose stack     at GetAddrInfoReqWrap.onlookup [as oncomplete] (dns.js:77:26)
447 verbose cwd D:\慕课网练习\NodeJS
448 error Windows_NT 10.0.10586
449 error argv "D:\\Nodejs\\node.exe" "D:\\Nodejs\\node_modules\\npm\\bin\\npm-cli.js" "install" "body-parser" "--save"
450 error node v4.3.1
451 error npm  v2.14.12
452 error code EAI_AGAIN
453 error errno EAI_AGAIN
454 error syscall getaddrinfo
455 error getaddrinfo EAI_AGAIN registry.npmjs.org:443
456 error If you need help, you may report this error at:
456 error     <https://github.com/npm/npm/issues>
457 verbose exit [ 1, true ]
458 verbose unbuild node_modules\body-parser
459 info preuninstall body-parser@1.15.0
460 info uninstall body-parser@1.15.0
461 verbose unbuild rmStuff body-parser@1.15.0 from D:\慕课网练习\NodeJS\node_modules
462 info postuninstall body-parser@1.15.0
463 silly gentlyRm D:\慕课网练习\NodeJS\node_modules\body-parser is being purged from base D:\慕课网练习\NodeJS
464 verbose gentlyRm don't care about contents; nuking D:\慕课网练习\NodeJS\node_modules\body-parser
465 silly vacuum-fs purging D:\慕课网练习\NodeJS\node_modules\body-parser
466 silly vacuum-fs quitting because other entries in D:\慕课网练习\NodeJS\node_modules
